\BOOKMARK [0][-]{chapter.1}{Innledning}{}% 1
\BOOKMARK [0][-]{chapter.2}{Bakgrunn}{}% 2
\BOOKMARK [1][-]{section.2.1}{Team}{chapter.2}% 3
\BOOKMARK [1][-]{section.2.2}{Gruppens forventninger til EiT}{chapter.2}% 4
\BOOKMARK [1][-]{section.2.3}{Gruppens personligheter}{chapter.2}% 5
\BOOKMARK [2][-]{subsection.2.3.1}{Meyers-Briggs personlighetsindikator}{section.2.3}% 6
\BOOKMARK [2][-]{subsection.2.3.2}{Gruppemedlemmene}{section.2.3}% 7
\BOOKMARK [2][-]{subsection.2.3.3}{Sammensetningen}{section.2.3}% 8
\BOOKMARK [2][-]{subsection.2.3.4}{2. landsbydag}{section.2.3}% 9
\BOOKMARK [2][-]{subsection.2.3.5}{10. landsbydag}{section.2.3}% 10
\BOOKMARK [1][-]{section.2.4}{Utarbeidelse av samarbeidsavtale}{chapter.2}% 11
\BOOKMARK [2][-]{subsection.2.4.1}{F\370rste utgave}{section.2.4}% 12
\BOOKMARK [2][-]{subsection.2.4.2}{Andre utgave}{section.2.4}% 13
\BOOKMARK [0][-]{chapter.3}{Gruppens utvikling}{}% 14
\BOOKMARK [1][-]{section.3.1}{SITRA-modellen}{chapter.3}% 15
\BOOKMARK [1][-]{section.3.2}{Faser og effektivitet}{chapter.3}% 16
\BOOKMARK [1][-]{section.3.3}{Kommunikasjon}{chapter.3}% 17
\BOOKMARK [2][-]{subsection.3.3.1}{Utgangpunktet}{section.3.3}% 18
\BOOKMARK [2][-]{subsection.3.3.2}{Underveis}{section.3.3}% 19
\BOOKMARK [2][-]{subsection.3.3.3}{Resultatet}{section.3.3}% 20
\BOOKMARK [0][-]{chapter.4}{Personlig utvikling}{}% 21
\BOOKMARK [0][-]{chapter.5}{Conclusion}{}% 22
